2026-05-10 13:00:09,997 INFO o.a.j.u.JMeterUtils: Setting Locale to en_EN
2026-05-10 13:00:10,007 INFO o.a.j.JMeter: Loading user properties from: /opt/homebrew/Cellar/jmeter/5.6.3/libexec/bin/user.properties
2026-05-10 13:00:10,007 INFO o.a.j.JMeter: Loading system properties from: /opt/homebrew/Cellar/jmeter/5.6.3/libexec/bin/system.properties
2026-05-10 13:00:10,008 INFO o.a.j.JMeter: Setting JMeter property: TARGET_HOST=localhost
2026-05-10 13:00:10,008 INFO o.a.j.JMeter: Setting JMeter property: TARGET_PORT=8080
2026-05-10 13:00:10,008 INFO o.a.j.JMeter: Setting JMeter property: USERS=50
2026-05-10 13:00:10,008 INFO o.a.j.JMeter: Setting JMeter property: RAMP_UP=60
2026-05-10 13:00:10,008 INFO o.a.j.JMeter: Setting JMeter property: DURATION=300
2026-05-10 13:00:10,008 INFO o.a.j.JMeter: Setting JMeter property: THINK_TIME=400
2026-05-10 13:00:10,008 INFO o.a.j.JMeter: Setting JMeter property: RANDOM_DELAY=300
2026-05-10 13:00:10,010 INFO o.a.j.JMeter: Copyright (c) 1998-2024 The Apache Software Foundation
2026-05-10 13:00:10,010 INFO o.a.j.JMeter: Version 5.6.3
2026-05-10 13:00:10,010 INFO o.a.j.JMeter: java.version=21.0.10
2026-05-10 13:00:10,010 INFO o.a.j.JMeter: java.vm.name=OpenJDK 64-Bit Server VM
2026-05-10 13:00:10,010 INFO o.a.j.JMeter: os.name=Mac OS X
2026-05-10 13:00:10,010 INFO o.a.j.JMeter: os.arch=aarch64
2026-05-10 13:00:10,010 INFO o.a.j.JMeter: os.version=26.3
2026-05-10 13:00:10,010 INFO o.a.j.JMeter: file.encoding=UTF-8
2026-05-10 13:00:10,010 INFO o.a.j.JMeter: java.awt.headless=true
2026-05-10 13:00:10,010 INFO o.a.j.JMeter: Max memory     =1073741824
2026-05-10 13:00:10,010 INFO o.a.j.JMeter: Available Processors =10
2026-05-10 13:00:10,015 INFO o.a.j.JMeter: Default Locale=English (EN)
2026-05-10 13:00:10,015 INFO o.a.j.JMeter: JMeter  Locale=English (EN)
2026-05-10 13:00:10,015 INFO o.a.j.JMeter: JMeterHome=/opt/homebrew/Cellar/jmeter/5.6.3/libexec
2026-05-10 13:00:10,015 INFO o.a.j.JMeter: user.dir  =/Users/mac/Programming/payment-system-speckit
2026-05-10 13:00:10,015 INFO o.a.j.JMeter: PWD       =/Users/mac/Programming/payment-system-speckit
2026-05-10 13:00:10,017 INFO o.a.j.JMeter: IP: 127.0.0.1 Name: macs-MacBook-Air.local FullName: localhost
2026-05-10 13:00:10,024 INFO o.a.j.s.FileServer: Default base='/Users/mac/Programming/payment-system-speckit'
2026-05-10 13:00:10,024 INFO o.a.j.s.FileServer: Set new base='/Users/mac/Programming/payment-system-speckit/performance-test/jmeter'
2026-05-10 13:00:10,090 INFO o.a.j.s.SaveService: Testplan (JMX) version: 2.2. Testlog (JTL) version: 2.2
2026-05-10 13:00:10,104 INFO o.a.j.s.SaveService: Using SaveService properties version 5.0
2026-05-10 13:00:10,105 INFO o.a.j.s.SaveService: Using SaveService properties file encoding UTF-8
2026-05-10 13:00:10,106 INFO o.a.j.s.SaveService: Loading file: /Users/mac/Programming/payment-system-speckit/performance-test/jmeter/payment-realistic-stress-test.jmx
2026-05-10 13:00:10,129 INFO o.a.j.p.h.s.HTTPSamplerBase: Parser for text/html is org.apache.jmeter.protocol.http.parser.LagartoBasedHtmlParser
2026-05-10 13:00:10,129 INFO o.a.j.p.h.s.HTTPSamplerBase: Parser for application/xhtml+xml is org.apache.jmeter.protocol.http.parser.LagartoBasedHtmlParser
2026-05-10 13:00:10,129 INFO o.a.j.p.h.s.HTTPSamplerBase: Parser for application/xml is org.apache.jmeter.protocol.http.parser.LagartoBasedHtmlParser
2026-05-10 13:00:10,129 INFO o.a.j.p.h.s.HTTPSamplerBase: Parser for text/xml is org.apache.jmeter.protocol.http.parser.LagartoBasedHtmlParser
2026-05-10 13:00:10,129 INFO o.a.j.p.h.s.HTTPSamplerBase: Parser for text/vnd.wap.wml is org.apache.jmeter.protocol.http.parser.RegexpHTMLParser
2026-05-10 13:00:10,129 INFO o.a.j.p.h.s.HTTPSamplerBase: Parser for text/css is org.apache.jmeter.protocol.http.parser.CssParser
2026-05-10 13:00:10,142 INFO o.a.j.JMeter: Creating summariser <summary>
2026-05-10 13:00:10,147 INFO o.a.j.e.StandardJMeterEngine: Running the test!
2026-05-10 13:00:10,147 INFO o.a.j.s.SampleEvent: List of sample_variables: []
2026-05-10 13:00:10,147 INFO o.a.j.s.SampleEvent: List of sample_variables: []
2026-05-10 13:00:10,149 INFO o.a.j.e.u.CompoundVariable: Note: Function class names must contain the string: '.functions.'
2026-05-10 13:00:10,149 INFO o.a.j.e.u.CompoundVariable: Note: Function class names must not contain the string: '.gui.'
2026-05-10 13:00:10,172 INFO o.a.j.r.ClassFinder: Will scan jar /opt/homebrew/Cellar/jmeter/5.6.3/libexec/lib/ext/jmeter-plugins-manager-1.9.jar with filter ExtendsClassFilter [parents=[interface org.apache.jmeter.functions.Function], inner=false, contains=null, notContains=null]. Consider exposing JMeter plugins via META-INF/services, and add JMeter-Skip-Class-Scanning=true manifest attribute so JMeter can skip classfile scanning
2026-05-10 13:00:10,209 INFO o.a.j.JMeter: Running test (1778392810209)
2026-05-10 13:00:10,217 INFO o.a.j.e.StandardJMeterEngine: Starting ThreadGroup: 1 : Realistic User Load
2026-05-10 13:00:10,217 INFO o.a.j.e.StandardJMeterEngine: Starting 50 threads for group Realistic User Load.
2026-05-10 13:00:10,217 INFO o.a.j.e.StandardJMeterEngine: Thread will continue on error
2026-05-10 13:00:10,217 INFO o.a.j.t.ThreadGroup: Starting thread group... number=1 threads=50 ramp-up=60 delayedStart=false
2026-05-10 13:00:10,219 INFO o.a.j.t.JMeterThread: Thread started: Realistic User Load 1-1
2026-05-10 13:00:10,224 INFO o.a.j.t.ThreadGroup: Started thread group number 1
2026-05-10 13:00:10,224 INFO o.a.j.e.StandardJMeterEngine: All thread groups have been started
2026-05-10 13:00:11,185 INFO o.a.j.p.h.s.HTTPHCAbstractImpl: Local host = macs-MacBook-Air.local
2026-05-10 13:00:11,188 INFO o.a.j.p.h.s.HTTPHC4Impl: HTTP request retry count = 0
2026-05-10 13:00:11,189 INFO o.a.j.s.SampleResult: Note: Sample TimeStamps are START times
2026-05-10 13:00:11,189 INFO o.a.j.s.SampleResult: sampleresult.default.encoding is set to UTF-8
2026-05-10 13:00:11,189 INFO o.a.j.s.SampleResult: sampleresult.useNanoTime=true
2026-05-10 13:00:11,189 INFO o.a.j.s.SampleResult: sampleresult.nanoThreadSleep=5000
2026-05-10 13:00:11,421 INFO o.a.j.t.JMeterThread: Thread started: Realistic User Load 1-2
2026-05-10 13:00:12,273 INFO o.a.j.u.JsseSSLManager: Using default SSL protocol: TLS
2026-05-10 13:00:12,273 INFO o.a.j.u.JsseSSLManager: SSL session context: per-thread
2026-05-10 13:00:12,619 INFO o.a.j.t.JMeterThread: Thread started: Realistic User Load 1-3
2026-05-10 13:00:13,823 INFO o.a.j.t.JMeterThread: Thread started: Realistic User Load 1-4
2026-05-10 13:00:15,022 INFO o.a.j.t.JMeterThread: Thread started: Realistic User Load 1-5
2026-05-10 13:00:16,218 INFO o.a.j.t.JMeterThread: Thread started: Realistic User Load 1-6
2026-05-10 13:00:17,423 INFO o.a.j.t.JMeterThread: Thread started: Realistic User Load 1-7
2026-05-10 13:00:18,621 INFO o.a.j.t.JMeterThread: Thread started: Realistic User Load 1-8
2026-05-10 13:00:19,823 INFO o.a.j.t.JMeterThread: Thread started: Realistic User Load 1-9
2026-05-10 13:00:21,020 INFO o.a.j.t.JMeterThread: Thread started: Realistic User Load 1-10
2026-05-10 13:00:22,220 INFO o.a.j.t.JMeterThread: Thread started: Realistic User Load 1-11
2026-05-10 13:00:23,418 INFO o.a.j.t.JMeterThread: Thread started: Realistic User Load 1-12
2026-05-10 13:00:24,622 INFO o.a.j.t.JMeterThread: Thread started: Realistic User Load 1-13
2026-05-10 13:00:25,823 INFO o.a.j.t.JMeterThread: Thread started: Realistic User Load 1-14
2026-05-10 13:00:27,018 INFO o.a.j.t.JMeterThread: Thread started: Realistic User Load 1-15
2026-05-10 13:00:28,220 INFO o.a.j.t.JMeterThread: Thread started: Realistic User Load 1-16
2026-05-10 13:00:29,418 INFO o.a.j.t.JMeterThread: Thread started: Realistic User Load 1-17
2026-05-10 13:00:30,012 INFO o.a.j.r.Summariser: summary +    170 in 00:00:20 =    8.6/s Avg:    12 Min:     5 Max:   120 Err:     0 (0.00%) Active: 17 Started: 17 Finished: 0
2026-05-10 13:00:30,617 INFO o.a.j.t.JMeterThread: Thread started: Realistic User Load 1-18
2026-05-10 13:00:31,818 INFO o.a.j.t.JMeterThread: Thread started: Realistic User Load 1-19
2026-05-10 13:00:33,017 INFO o.a.j.t.JMeterThread: Thread started: Realistic User Load 1-20
2026-05-10 13:00:34,222 INFO o.a.j.t.JMeterThread: Thread started: Realistic User Load 1-21
2026-05-10 13:00:35,419 INFO o.a.j.t.JMeterThread: Thread started: Realistic User Load 1-22
2026-05-10 13:00:36,618 INFO o.a.j.t.JMeterThread: Thread started: Realistic User Load 1-23
2026-05-10 13:00:37,823 INFO o.a.j.t.JMeterThread: Thread started: Realistic User Load 1-24
2026-05-10 13:00:39,022 INFO o.a.j.t.JMeterThread: Thread started: Realistic User Load 1-25
2026-05-10 13:00:40,219 INFO o.a.j.t.JMeterThread: Thread started: Realistic User Load 1-26
2026-05-10 13:00:41,419 INFO o.a.j.t.JMeterThread: Thread started: Realistic User Load 1-27
2026-05-10 13:00:42,619 INFO o.a.j.t.JMeterThread: Thread started: Realistic User Load 1-28
2026-05-10 13:00:43,822 INFO o.a.j.t.JMeterThread: Thread started: Realistic User Load 1-29
2026-05-10 13:00:45,022 INFO o.a.j.t.JMeterThread: Thread started: Realistic User Load 1-30
2026-05-10 13:00:46,221 INFO o.a.j.t.JMeterThread: Thread started: Realistic User Load 1-31
2026-05-10 13:00:47,422 INFO o.a.j.t.JMeterThread: Thread started: Realistic User Load 1-32
2026-05-10 13:00:48,622 INFO o.a.j.t.JMeterThread: Thread started: Realistic User Load 1-33
2026-05-10 13:00:49,821 INFO o.a.j.t.JMeterThread: Thread started: Realistic User Load 1-34
2026-05-10 13:00:51,022 INFO o.a.j.t.JMeterThread: Thread started: Realistic User Load 1-35
2026-05-10 13:00:52,218 INFO o.a.j.t.JMeterThread: Thread started: Realistic User Load 1-36
2026-05-10 13:00:53,418 INFO o.a.j.t.JMeterThread: Thread started: Realistic User Load 1-37
2026-05-10 13:00:54,618 INFO o.a.j.t.JMeterThread: Thread started: Realistic User Load 1-38
2026-05-10 13:00:55,822 INFO o.a.j.t.JMeterThread: Thread started: Realistic User Load 1-39
2026-05-10 13:00:57,020 INFO o.a.j.t.JMeterThread: Thread started: Realistic User Load 1-40
2026-05-10 13:00:58,217 INFO o.a.j.t.JMeterThread: Thread started: Realistic User Load 1-41
2026-05-10 13:00:59,422 INFO o.a.j.t.JMeterThread: Thread started: Realistic User Load 1-42
2026-05-10 13:01:00,006 INFO o.a.j.r.Summariser: summary +    912 in 00:00:30 =   30.4/s Avg:     5 Min:     3 Max:    27 Err:     0 (0.00%) Active: 42 Started: 42 Finished: 0
2026-05-10 13:01:00,007 INFO o.a.j.r.Summariser: summary =   1082 in 00:00:50 =   21.7/s Avg:     6 Min:     3 Max:   120 Err:     0 (0.00%)
2026-05-10 13:01:00,618 INFO o.a.j.t.JMeterThread: Thread started: Realistic User Load 1-43
2026-05-10 13:01:01,817 INFO o.a.j.t.JMeterThread: Thread started: Realistic User Load 1-44
2026-05-10 13:01:03,022 INFO o.a.j.t.JMeterThread: Thread started: Realistic User Load 1-45
2026-05-10 13:01:04,222 INFO o.a.j.t.JMeterThread: Thread started: Realistic User Load 1-46
2026-05-10 13:01:05,419 INFO o.a.j.t.JMeterThread: Thread started: Realistic User Load 1-47
2026-05-10 13:01:06,621 INFO o.a.j.t.JMeterThread: Thread started: Realistic User Load 1-48
2026-05-10 13:01:07,820 INFO o.a.j.t.JMeterThread: Thread started: Realistic User Load 1-49
2026-05-10 13:01:09,019 INFO o.a.j.t.JMeterThread: Thread started: Realistic User Load 1-50
2026-05-10 13:01:30,018 INFO o.a.j.r.Summariser: summary +   1519 in 00:00:30 =   50.6/s Avg:     4 Min:     2 Max:    14 Err:     0 (0.00%) Active: 50 Started: 50 Finished: 0
2026-05-10 13:01:30,018 INFO o.a.j.r.Summariser: summary =   2601 in 00:01:20 =   32.6/s Avg:     5 Min:     2 Max:   120 Err:     0 (0.00%)
2026-05-10 13:02:00,011 INFO o.a.j.r.Summariser: summary +   1561 in 00:00:30 =   52.0/s Avg:     3 Min:     1 Max:    22 Err:     0 (0.00%) Active: 50 Started: 50 Finished: 0
2026-05-10 13:02:00,011 INFO o.a.j.r.Summariser: summary =   4162 in 00:01:50 =   37.9/s Avg:     4 Min:     1 Max:   120 Err:     0 (0.00%)
2026-05-10 13:02:30,039 INFO o.a.j.r.Summariser: summary +   1563 in 00:00:30 =   52.0/s Avg:     3 Min:     2 Max:    55 Err:     0 (0.00%) Active: 50 Started: 50 Finished: 0
2026-05-10 13:02:30,039 INFO o.a.j.r.Summariser: summary =   5725 in 00:02:20 =   40.9/s Avg:     4 Min:     1 Max:   120 Err:     0 (0.00%)
2026-05-10 13:03:00,027 INFO o.a.j.r.Summariser: summary +   1562 in 00:00:30 =   52.1/s Avg:     3 Min:     1 Max:    59 Err:     0 (0.00%) Active: 50 Started: 50 Finished: 0
2026-05-10 13:03:00,028 INFO o.a.j.r.Summariser: summary =   7287 in 00:02:50 =   42.9/s Avg:     4 Min:     1 Max:   120 Err:     0 (0.00%)
2026-05-10 13:03:30,016 INFO o.a.j.r.Summariser: summary +   1568 in 00:00:30 =   52.3/s Avg:     3 Min:     2 Max:    45 Err:     0 (0.00%) Active: 50 Started: 50 Finished: 0
2026-05-10 13:03:30,016 INFO o.a.j.r.Summariser: summary =   8855 in 00:03:20 =   44.3/s Avg:     4 Min:     1 Max:   120 Err:     0 (0.00%)
2026-05-10 13:04:00,086 INFO o.a.j.r.Summariser: summary +   1564 in 00:00:30 =   52.0/s Avg:     3 Min:     1 Max:    19 Err:     0 (0.00%) Active: 50 Started: 50 Finished: 0
2026-05-10 13:04:00,086 INFO o.a.j.r.Summariser: summary =  10419 in 00:03:50 =   45.3/s Avg:     3 Min:     1 Max:   120 Err:     0 (0.00%)
2026-05-10 13:04:30,008 INFO o.a.j.r.Summariser: summary +   1575 in 00:00:30 =   52.6/s Avg:     4 Min:     1 Max:    59 Err:     0 (0.00%) Active: 50 Started: 50 Finished: 0
2026-05-10 13:04:30,008 INFO o.a.j.r.Summariser: summary =  11994 in 00:04:20 =   46.2/s Avg:     3 Min:     1 Max:   120 Err:     0 (0.00%)
2026-05-10 13:05:00,006 INFO o.a.j.r.Summariser: summary +   1562 in 00:00:30 =   52.1/s Avg:     3 Min:     1 Max:    45 Err:     0 (0.00%) Active: 50 Started: 50 Finished: 0
2026-05-10 13:05:00,007 INFO o.a.j.r.Summariser: summary =  13556 in 00:04:50 =   46.8/s Avg:     3 Min:     1 Max:   120 Err:     0 (0.00%)
2026-05-10 13:05:09,206 INFO o.a.j.t.JMeterThread: Thread finished: Realistic User Load 1-49
2026-05-10 13:05:09,281 INFO o.a.j.t.JMeterThread: Thread finished: Realistic User Load 1-21
2026-05-10 13:05:09,349 INFO o.a.j.t.JMeterThread: Thread finished: Realistic User Load 1-38
2026-05-10 13:05:09,363 INFO o.a.j.t.JMeterThread: Thread finished: Realistic User Load 1-14
2026-05-10 13:05:09,428 INFO o.a.j.t.JMeterThread: Thread finished: Realistic User Load 1-45
2026-05-10 13:05:09,429 INFO o.a.j.t.JMeterThread: Thread finished: Realistic User Load 1-1
2026-05-10 13:05:09,429 INFO o.a.j.t.JMeterThread: Thread finished: Realistic User Load 1-6
2026-05-10 13:05:09,450 INFO o.a.j.t.JMeterThread: Thread finished: Realistic User Load 1-28
2026-05-10 13:05:09,508 INFO o.a.j.t.JMeterThread: Thread finished: Realistic User Load 1-32
2026-05-10 13:05:09,512 INFO o.a.j.t.JMeterThread: Thread finished: Realistic User Load 1-11
2026-05-10 13:05:09,555 INFO o.a.j.t.JMeterThread: Thread finished: Realistic User Load 1-35
2026-05-10 13:05:09,559 INFO o.a.j.t.JMeterThread: Thread finished: Realistic User Load 1-17
2026-05-10 13:05:09,563 INFO o.a.j.t.JMeterThread: Thread finished: Realistic User Load 1-37
2026-05-10 13:05:09,579 INFO o.a.j.t.JMeterThread: Thread finished: Realistic User Load 1-5
2026-05-10 13:05:09,635 INFO o.a.j.t.JMeterThread: Thread finished: Realistic User Load 1-44
2026-05-10 13:05:09,638 INFO o.a.j.t.JMeterThread: Thread finished: Realistic User Load 1-24
2026-05-10 13:05:09,652 INFO o.a.j.t.JMeterThread: Thread finished: Realistic User Load 1-2
2026-05-10 13:05:09,676 INFO o.a.j.t.JMeterThread: Thread finished: Realistic User Load 1-34
2026-05-10 13:05:09,692 INFO o.a.j.t.JMeterThread: Thread finished: Realistic User Load 1-13
2026-05-10 13:05:09,712 INFO o.a.j.t.JMeterThread: Thread finished: Realistic User Load 1-16
2026-05-10 13:05:09,738 INFO o.a.j.t.JMeterThread: Thread finished: Realistic User Load 1-8
2026-05-10 13:05:09,752 INFO o.a.j.t.JMeterThread: Thread finished: Realistic User Load 1-25
2026-05-10 13:05:09,763 INFO o.a.j.t.JMeterThread: Thread finished: Realistic User Load 1-42
2026-05-10 13:05:09,776 INFO o.a.j.t.JMeterThread: Thread finished: Realistic User Load 1-33
2026-05-10 13:05:09,780 INFO o.a.j.t.JMeterThread: Thread finished: Realistic User Load 1-47
2026-05-10 13:05:09,780 INFO o.a.j.t.JMeterThread: Thread finished: Realistic User Load 1-50
2026-05-10 13:05:09,797 INFO o.a.j.t.JMeterThread: Thread finished: Realistic User Load 1-48
2026-05-10 13:05:09,839 INFO o.a.j.t.JMeterThread: Thread finished: Realistic User Load 1-26
2026-05-10 13:05:09,851 INFO o.a.j.t.JMeterThread: Thread finished: Realistic User Load 1-15
2026-05-10 13:05:09,901 INFO o.a.j.t.JMeterThread: Thread finished: Realistic User Load 1-12
2026-05-10 13:05:09,914 INFO o.a.j.t.JMeterThread: Thread finished: Realistic User Load 1-40
2026-05-10 13:05:09,923 INFO o.a.j.t.JMeterThread: Thread finished: Realistic User Load 1-30
2026-05-10 13:05:09,924 INFO o.a.j.t.JMeterThread: Thread finished: Realistic User Load 1-43
2026-05-10 13:05:09,972 INFO o.a.j.t.JMeterThread: Thread finished: Realistic User Load 1-29
2026-05-10 13:05:09,973 INFO o.a.j.t.JMeterThread: Thread finished: Realistic User Load 1-4
2026-05-10 13:05:09,987 INFO o.a.j.t.JMeterThread: Thread finished: Realistic User Load 1-46
2026-05-10 13:05:09,991 INFO o.a.j.t.JMeterThread: Thread finished: Realistic User Load 1-20
2026-05-10 13:05:10,001 INFO o.a.j.t.JMeterThread: Thread finished: Realistic User Load 1-41
2026-05-10 13:05:10,007 INFO o.a.j.t.JMeterThread: Thread finished: Realistic User Load 1-31
2026-05-10 13:05:10,029 INFO o.a.j.t.JMeterThread: Thread finished: Realistic User Load 1-36
2026-05-10 13:05:10,047 INFO o.a.j.t.JMeterThread: Thread finished: Realistic User Load 1-22
2026-05-10 13:05:10,081 INFO o.a.j.t.JMeterThread: Thread finished: Realistic User Load 1-23
2026-05-10 13:05:10,100 INFO o.a.j.t.JMeterThread: Thread finished: Realistic User Load 1-19
2026-05-10 13:05:10,103 INFO o.a.j.t.JMeterThread: Thread finished: Realistic User Load 1-39
2026-05-10 13:05:10,114 INFO o.a.j.t.JMeterThread: Thread finished: Realistic User Load 1-18
2026-05-10 13:05:10,136 INFO o.a.j.t.JMeterThread: Thread finished: Realistic User Load 1-3
2026-05-10 13:05:10,197 INFO o.a.j.t.JMeterThread: Thread finished: Realistic User Load 1-7
2026-05-10 13:05:10,199 INFO o.a.j.t.JMeterThread: Thread finished: Realistic User Load 1-10
2026-05-10 13:05:10,202 INFO o.a.j.t.JMeterThread: Thread finished: Realistic User Load 1-9
2026-05-10 13:05:10,205 INFO o.a.j.t.JMeterThread: Thread finished: Realistic User Load 1-27
2026-05-10 13:05:10,205 INFO o.a.j.e.StandardJMeterEngine: Notifying test listeners of end of test
2026-05-10 13:05:10,207 INFO o.a.j.r.Summariser: summary +    535 in 00:00:10 =   52.5/s Avg:     3 Min:     2 Max:    38 Err:     0 (0.00%) Active: 0 Started: 50 Finished: 50
2026-05-10 13:05:10,207 INFO o.a.j.r.Summariser: summary =  14091 in 00:05:00 =   47.0/s Avg:     3 Min:     1 Max:   120 Err:     0 (0.00%)
